2020-12-15 03:49:44,469 INFO  [org.jboss.as.server.deployment] (MSC service thread 1-3) WFLYSRV0027: Starting deployment of "govtech-assignment-2.war" (runtime-name: "govtech-assignment-2.war")
2020-12-15 03:49:44,470 INFO  [org.jboss.as.server.deployment.scanner] (MSC service thread 1-6) WFLYDS0013: Started FileSystemDeploymentService for directory C:\Govtech\Git_Repositories\govtech-assignment-2\wildfly-21.0.1.Final\standalone\deployments
2020-12-15 03:49:44,571 INFO  [org.wildfly.extension.undertow] (MSC service thread 1-3) WFLYUT0006: Undertow HTTP listener default listening on 127.0.0.1:8080
2020-12-15 03:49:44,682 INFO  [org.jboss.as.ejb3] (MSC service thread 1-4) WFLYEJB0493: EJB subsystem suspension complete
2020-12-15 03:49:44,779 INFO  [org.jboss.as.connector.subsystems.datasources] (MSC service thread 1-7) WFLYJCA0001: Bound data source [java:jboss/datasources/ExampleDS]
2020-12-15 03:49:44,909 INFO  [org.wildfly.extension.undertow] (MSC service thread 1-2) WFLYUT0006: Undertow HTTPS listener https listening on 127.0.0.1:8443
2020-12-15 03:49:45,076 INFO  [org.jboss.ws.common.management] (MSC service thread 1-5) JBWS022052: Starting JBossWS 5.4.2.Final (Apache CXF 3.3.7) 
2020-12-15 03:49:49,595 WARN  [org.jboss.weld.deployer] (MSC service thread 1-2) WFLYWELD0013: Deployment govtech-assignment-2.war contains CDI annotations but no bean archive was found (no beans.xml or class with bean defining annotations was present).
2020-12-15 03:49:49,931 INFO  [org.infinispan.CONTAINER] (ServerService Thread Pool -- 78) ISPN000128: Infinispan version: Infinispan 'Corona Extra' 11.0.4.Final
2020-12-15 03:49:49,987 INFO  [org.infinispan.CONFIG] (MSC service thread 1-3) ISPN000152: Passivation configured without an eviction policy being selected. Only manually evicted entities will be passivated.
2020-12-15 03:49:49,989 INFO  [org.infinispan.CONFIG] (MSC service thread 1-3) ISPN000152: Passivation configured without an eviction policy being selected. Only manually evicted entities will be passivated.
2020-12-15 03:49:50,113 INFO  [org.infinispan.PERSISTENCE] (ServerService Thread Pool -- 78) ISPN000556: Starting user marshaller 'org.wildfly.clustering.infinispan.spi.marshalling.InfinispanProtoStreamMarshaller'
2020-12-15 03:49:50,312 INFO  [org.jboss.as.clustering.infinispan] (ServerService Thread Pool -- 78) WFLYCLINF0002: Started http-remoting-connector cache from ejb container
2020-12-15 03:49:50,409 INFO  [org.wildfly.extension.undertow] (ServerService Thread Pool -- 78) WFLYUT0021: Registered web context: '/govtech-assignment-2' for server 'default-server'
2020-12-15 03:49:50,549 INFO  [org.jboss.as.server] (ServerService Thread Pool -- 45) WFLYSRV0010: Deployed "govtech-assignment-2.war" (runtime-name : "govtech-assignment-2.war")
2020-12-15 03:49:50,620 INFO  [org.jboss.as.server] (Controller Boot Thread) WFLYSRV0212: Resuming server
2020-12-15 03:49:50,623 INFO  [org.jboss.as] (Controller Boot Thread) WFLYSRV0025: WildFly Full 21.0.1.Final (WildFly Core 13.0.3.Final) started in 12654ms - Started 422 of 647 services (375 services are lazy, passive or on-demand)
2020-12-15 03:49:50,626 INFO  [org.jboss.as] (Controller Boot Thread) WFLYSRV0060: Http management interface listening on http://127.0.0.1:9990/management
2020-12-15 03:49:50,627 INFO  [org.jboss.as] (Controller Boot Thread) WFLYSRV0051: Admin console listening on http://127.0.0.1:9990
2020-12-15 03:50:11,131 INFO  [org.jboss.as.server] (management-handler-thread - 1) WFLYSRV0272: Suspending server
2020-12-15 03:50:11,133 INFO  [org.jboss.as.ejb3] (management-handler-thread - 1) WFLYEJB0493: EJB subsystem suspension complete
2020-12-15 03:50:11,142 INFO  [org.jboss.as.server] (Management Triggered Shutdown) WFLYSRV0241: Shutting down in response to management operation 'shutdown'
2020-12-15 03:50:11,159 INFO  [org.jboss.as.mail.extension] (MSC service thread 1-4) WFLYMAIL0002: Unbound mail session [java:jboss/mail/Default]
2020-12-15 03:50:11,162 INFO  [org.wildfly.extension.undertow] (ServerService Thread Pool -- 78) WFLYUT0022: Unregistered web context: '/govtech-assignment-2' from server 'default-server'
2020-12-15 03:50:11,168 INFO  [org.jboss.as.connector.subsystems.datasources] (MSC service thread 1-7) WFLYJCA0010: Unbound data source [java:jboss/datasources/ExampleDS]
2020-12-15 03:50:11,169 INFO  [org.jboss.as.connector.deployers.jdbc] (MSC service thread 1-7) WFLYJCA0019: Stopped Driver service with driver-name = h2
2020-12-15 03:50:11,175 INFO  [org.wildfly.extension.undertow] (MSC service thread 1-1) WFLYUT0019: Host default-host stopping
2020-12-15 03:50:11,178 INFO  [org.jboss.as.clustering.infinispan] (ServerService Thread Pool -- 10) WFLYCLINF0003: Stopped http-remoting-connector cache from ejb container
2020-12-15 03:50:11,182 INFO  [org.infinispan.manager.DefaultCacheManager] (ServerService Thread Pool -- 10) Stopping cache manager null on null
2020-12-15 03:50:11,194 INFO  [org.wildfly.extension.undertow] (MSC service thread 1-1) WFLYUT0008: Undertow HTTPS listener https suspending
2020-12-15 03:50:11,194 INFO  [org.wildfly.extension.undertow] (MSC service thread 1-8) WFLYUT0008: Undertow HTTP listener default suspending
2020-12-15 03:50:11,195 INFO  [org.wildfly.extension.undertow] (MSC service thread 1-1) WFLYUT0007: Undertow HTTPS listener https stopped, was bound to 127.0.0.1:8443
2020-12-15 03:50:11,195 INFO  [org.wildfly.extension.undertow] (MSC service thread 1-8) WFLYUT0007: Undertow HTTP listener default stopped, was bound to 127.0.0.1:8080
2020-12-15 03:50:11,196 INFO  [org.wildfly.extension.undertow] (MSC service thread 1-4) WFLYUT0004: Undertow 2.2.2.Final stopping
2020-12-15 03:50:11,232 INFO  [org.jboss.as.server.deployment] (MSC service thread 1-2) WFLYSRV0028: Stopped deployment govtech-assignment-2.war (runtime-name: govtech-assignment-2.war) in 85ms
2020-12-15 03:50:11,239 INFO  [org.jboss.as] (MSC service thread 1-6) WFLYSRV0050: WildFly Full 21.0.1.Final (WildFly Core 13.0.3.Final) stopped in 91ms
